<?xml version="1.0" encoding="UTF-8"?>
<!-- Generated by org.testng.reporters.JUnitReportReporter -->
<testsuite hostname="DESKTOP-K54VKPM" failures="0" tests="1" name="TestScripts.SignUpTest" time="8.270" errors="0" timestamp="2023-06-24T16:12:57 IST" skipped="0">
  <testcase classname="TestScripts.SignUpTest" name="signUp" time="8.270"/>
  <system-out/>
</testsuite> <!-- TestScripts.SignUpTest -->
