<?xml version="1.0" encoding="UTF-8"?>
<!-- Generated by org.testng.reporters.JUnitReportReporter -->
<testsuite hostname="DESKTOP-K54VKPM" failures="0" tests="1" name="TestScripts.BookingTest" time="22.615" errors="0" timestamp="2023-06-16T09:17:03 IST" skipped="0">
  <testcase classname="TestScripts.BookingTest" name="yatraTest" time="22.615"/>
  <system-out/>
</testsuite> <!-- TestScripts.BookingTest -->
