<?xml version="1.0" encoding="UTF-8"?>
<!-- Generated by org.testng.reporters.JUnitReportReporter -->
<testsuite hostname="DESKTOP-K54VKPM" failures="0" tests="1" name="com.yatra.TestScripts" time="3.896" errors="0" timestamp="2023-06-15T14:14:48 IST" skipped="0">
  <testcase classname="com.yatra.TestScripts" name="logiTest" time="3.896"/>
  <system-out/>
</testsuite> <!-- com.yatra.TestScripts -->
